Using pre-set license
Built from '2020.3/staging' branch; Version is '2020.3.9f1 (108be757e447) revision 1084391'; Using compiler version '192528614'; Build Type 'Release'
OS: 'Windows 10 Enterprise; OS build 18362.30; Version 1903; 64bit' Language: 'zh' Physical Memory: 32506 MB
BatchMode: 1, IsHumanControllingUs: 0, StartBugReporterOnCrash: 0, Is64bit: 1, IsPro: 0

 COMMAND LINE ARGUMENTS:
C:\Program Files\Unity\Hub\Editor\2020.3.9f1\Editor\Unity.exe
-adb2
-batchMode
-noUpm
-name
AssetImportWorker0
-projectPath
D:/UnityProject/master/Client
-logFile
Logs/AssetImportWorker0.log
-srvPort
56047
Successfully changed project path to: D:/UnityProject/master/Client
D:/UnityProject/master/Client
Using Asset Import Pipeline V2.
Refreshing native plugins compatible for Editor in 37.14 ms, found 4 plugins.
Preloading 0 native plugins for Editor in 0.00 ms.
Initialize engine version: 2020.3.9f1 (108be757e447)
[Subsystems] Discovering subsystems at path C:/Program Files/Unity/Hub/Editor/2020.3.9f1/Editor/Data/Resources/UnitySubsystems
[Subsystems] Discovering subsystems at path D:/UnityProject/master/Client/Assets
GfxDevice: creating device client; threaded=0
Direct3D:
    Version:  Direct3D 11.0 [level 11.1]
    Renderer: NVIDIA GeForce RTX 3060 Laptop GPU (ID=0x2520)
    Vendor:   
    VRAM:     6023 MB
    Driver:   30.0.15.1272
Initialize mono
Mono path[0] = 'C:/Program Files/Unity/Hub/Editor/2020.3.9f1/Editor/Data/Managed'
Mono path[1] = 'C:/Program Files/Unity/Hub/Editor/2020.3.9f1/Editor/Data/MonoBleedingEdge/lib/mono/unityjit'
Mono config path = 'C:/Program Files/Unity/Hub/Editor/2020.3.9f1/Editor/Data/MonoBleedingEdge/etc'
Using monoOptions --debugger-agent=transport=dt_socket,embedding=1,server=y,suspend=n,address=127.0.0.1:56448
Begin MonoManager ReloadAssembly
Registering precompiled unity dll's ...
Register platform support module: C:/Program Files/Unity/Hub/Editor/2020.3.9f1/Editor/Data/PlaybackEngines/WindowsStandaloneSupport/UnityEditor.WindowsStandalone.Extensions.dll
Registered in 0.001361 seconds.
Native extension for WindowsStandalone target not found
Refreshing native plugins compatible for Editor in 32.23 ms, found 4 plugins.
Preloading 0 native plugins for Editor in 0.00 ms.
Mono: successfully reloaded assembly
- Completed reload, in  0.598 seconds
Platform modules already initialized, skipping
Registering precompiled user dll's ...
Registered in 0.007811 seconds.
Begin MonoManager ReloadAssembly
Native extension for WindowsStandalone target not found
Refreshing native plugins compatible for Editor in 32.51 ms, found 4 plugins.
Preloading 0 native plugins for Editor in 0.00 ms.
System.NullReferenceException: Object reference not set to an instance of an object
  at ZEPETO.World.Editor.WorldEditorSettings.IsZaizai () [0x00016] in <9f470e519088408aa320e86488681071>:0 
  at ZEPETO.World.Editor.WorldEditorSettings.SelectDevelopment () [0x00001] in <9f470e519088408aa320e86488681071>:0 
  at ZEPETO.World.Editor.WorldEditorSettings.get_Development () [0x00011] in <9f470e519088408aa320e86488681071>:0 
  at ZEPETO.World.Editor.WorldEditorSettings.get_BuiltinSettings () [0x00000] in <9f470e519088408aa320e86488681071>:0 
  at ZEPETO.World.Editor.WorldEditorSettings.get_ActiveSetting () [0x00027] in <9f470e519088408aa320e86488681071>:0 
  at ZEPETO.World.Common.APIHostEditor..ctor () [0x00006] in <1a219a6a8cd249cba8ce1420b658e55e>:0 
  at ZEPETO.World.Common.APIHostInitializer..cctor () [0x00000] in <1a219a6a8cd249cba8ce1420b658e55e>:0 
UnityEngine.StackTraceUtility:ExtractStackTrace ()
UnityEngine.DebugLogHandler:LogFormat (UnityEngine.LogType,UnityEngine.Object,string,object[])
UnityEngine.Logger:Log (UnityEngine.LogType,object)
UnityEngine.Debug:LogError (object)
UnityEditor.EditorAssemblies:ProcessInitializeOnLoadAttributes (System.Type[])

NullReferenceException: Object reference not set to an instance of an object
  at ZEPETO.World.Editor.WorldEditorSettings.IsZaizai () [0x00016] in <9f470e519088408aa320e86488681071>:0 
  at ZEPETO.World.Editor.WorldEditorSettings.SelectDevelopment () [0x00001] in <9f470e519088408aa320e86488681071>:0 
  at ZEPETO.World.Editor.WorldEditorSettings.get_Development () [0x00011] in <9f470e519088408aa320e86488681071>:0 
  at ZEPETO.World.Editor.WorldEditorSettings.get_BuiltinSettings () [0x00000] in <9f470e519088408aa320e86488681071>:0 
  at ZEPETO.World.Editor.WorldEditorSettings.get_ActiveSetting () [0x00027] in <9f470e519088408aa320e86488681071>:0 
  at ZEPETO.World.Editor.WorldEnvironmentInitializer.MultiplaySettingInitialize () [0x00000] in <1983d94f05764fe5be5ad68593efa82c>:0 
  at ZEPETO.World.Editor.WorldEnvironmentInitializer.InitializeOnLoadMethod () [0x00000] in <1983d94f05764fe5be5ad68593efa82c>:0 

NullReferenceException: Object reference not set to an instance of an object
  at ZEPETO.World.Editor.WorldEditorSettings.IsZaizai () [0x00016] in <9f470e519088408aa320e86488681071>:0 
  at ZEPETO.World.Editor.WorldEditorSettings.SelectDevelopment () [0x00001] in <9f470e519088408aa320e86488681071>:0 
  at ZEPETO.World.Editor.WorldEditorSettings.get_Development () [0x00011] in <9f470e519088408aa320e86488681071>:0 
  at ZEPETO.World.Editor.WorldEditorSettings.get_BuiltinSettings () [0x00000] in <9f470e519088408aa320e86488681071>:0 
  at ZEPETO.World.Editor.WorldEditorSettings.get_ActiveSetting () [0x00027] in <9f470e519088408aa320e86488681071>:0 
  at ZEPETO.World.Editor.ForbiddenTypes.LoadForbiddenTypes () [0x0000a] in <1983d94f05764fe5be5ad68593efa82c>:0 
  at ZEPETO.World.Editor.ForbiddenTypes.Initialize () [0x00011] in <1983d94f05764fe5be5ad68593efa82c>:0 

NullReferenceException: Object reference not set to an instance of an object
  at ZEPETO.World.Editor.WorldPackageEditorUtils.GetDeserializedWorldPackageInfo () [0x00014] in <1983d94f05764fe5be5ad68593efa82c>:0 
  at ZEPETO.World.Editor.WorldPackageEditorUtils.GetFieldValue[T] (System.String field) [0x00000] in <1983d94f05764fe5be5ad68593efa82c>:0 
  at ZEPETO.World.Editor.WorldPackageEditorUtils.get_ZepetoMinVersion () [0x00000] in <1983d94f05764fe5be5ad68593efa82c>:0 
  at ZEPETO.World.Editor.Editor.WorldEditorInitializer.EditorInitializer () [0x00000] in <1983d94f05764fe5be5ad68593efa82c>:0 

Mono: successfully reloaded assembly
- Completed reload, in  0.727 seconds
Platform modules already initialized, skipping
========================================================================
Worker process is ready to serve import requests
Launched and connected shader compiler UnityShaderCompiler.exe after 0.03 seconds
Refreshing native plugins compatible for Editor in 0.56 ms, found 4 plugins.
Preloading 0 native plugins for Editor in 0.00 ms.
Unloading 1887 Unused Serialized files (Serialized files now loaded: 0)
System memory in use before: 95.5 MB.
System memory in use after: 95.5 MB.

Unloading 74 unused Assets to reduce memory usage. Loaded Objects now: 2423.
Total: 1.546400 ms (FindLiveObjects: 0.129400 ms CreateObjectMapping: 0.030500 ms MarkObjects: 1.309900 ms  DeleteObjects: 0.075300 ms)

========================================================================
Received Import Request.
  path: Assets/SampleScript.ts
  artifactKey: Guid(3d25bf9424e714998970af8697d33163) Importer(815301076,1909f56bfc062723c751e8b465ee728b)
Start importing Assets/SampleScript.ts using Guid(3d25bf9424e714998970af8697d33163) Importer(815301076,1909f56bfc062723c751e8b465ee728b)  -> (artifact id: '34a11b5d1788518365ee7ab2641aae17') in 0.026426 seconds
  Import took 0.029108 seconds .

========================================================================
Received Prepare
Registering precompiled user dll's ...
Registered in 0.007868 seconds.
Begin MonoManager ReloadAssembly
Native extension for WindowsStandalone target not found
Refreshing native plugins compatible for Editor in 0.66 ms, found 4 plugins.
Preloading 0 native plugins for Editor in 0.00 ms.
System.NullReferenceException: Object reference not set to an instance of an object
  at ZEPETO.World.Editor.WorldEditorSettings.IsZaizai () [0x00016] in <9f470e519088408aa320e86488681071>:0 
  at ZEPETO.World.Editor.WorldEditorSettings.SelectDevelopment () [0x00001] in <9f470e519088408aa320e86488681071>:0 
  at ZEPETO.World.Editor.WorldEditorSettings.get_Development () [0x00011] in <9f470e519088408aa320e86488681071>:0 
  at ZEPETO.World.Editor.WorldEditorSettings.get_BuiltinSettings () [0x00000] in <9f470e519088408aa320e86488681071>:0 
  at ZEPETO.World.Editor.WorldEditorSettings.get_ActiveSetting () [0x00027] in <9f470e519088408aa320e86488681071>:0 
  at ZEPETO.World.Common.APIHostEditor..ctor () [0x00006] in <1a219a6a8cd249cba8ce1420b658e55e>:0 
  at ZEPETO.World.Common.APIHostInitializer..cctor () [0x00000] in <1a219a6a8cd249cba8ce1420b658e55e>:0 
UnityEngine.StackTraceUtility:ExtractStackTrace ()
UnityEngine.DebugLogHandler:LogFormat (UnityEngine.LogType,UnityEngine.Object,string,object[])
UnityEngine.Logger:Log (UnityEngine.LogType,object)
UnityEngine.Debug:LogError (object)
UnityEditor.EditorAssemblies:ProcessInitializeOnLoadAttributes (System.Type[])

NullReferenceException: Object reference not set to an instance of an object
  at ZEPETO.World.Editor.WorldEditorSettings.IsZaizai () [0x00016] in <9f470e519088408aa320e86488681071>:0 
  at ZEPETO.World.Editor.WorldEditorSettings.SelectDevelopment () [0x00001] in <9f470e519088408aa320e86488681071>:0 
  at ZEPETO.World.Editor.WorldEditorSettings.get_Development () [0x00011] in <9f470e519088408aa320e86488681071>:0 
  at ZEPETO.World.Editor.WorldEditorSettings.get_BuiltinSettings () [0x00000] in <9f470e519088408aa320e86488681071>:0 
  at ZEPETO.World.Editor.WorldEditorSettings.get_ActiveSetting () [0x00027] in <9f470e519088408aa320e86488681071>:0 
  at ZEPETO.World.Editor.WorldEnvironmentInitializer.MultiplaySettingInitialize () [0x00000] in <1983d94f05764fe5be5ad68593efa82c>:0 
  at ZEPETO.World.Editor.WorldEnvironmentInitializer.InitializeOnLoadMethod () [0x00000] in <1983d94f05764fe5be5ad68593efa82c>:0 

NullReferenceException: Object reference not set to an instance of an object
  at ZEPETO.World.Editor.WorldEditorSettings.IsZaizai () [0x00016] in <9f470e519088408aa320e86488681071>:0 
  at ZEPETO.World.Editor.WorldEditorSettings.SelectDevelopment () [0x00001] in <9f470e519088408aa320e86488681071>:0 
  at ZEPETO.World.Editor.WorldEditorSettings.get_Development () [0x00011] in <9f470e519088408aa320e86488681071>:0 
  at ZEPETO.World.Editor.WorldEditorSettings.get_BuiltinSettings () [0x00000] in <9f470e519088408aa320e86488681071>:0 
  at ZEPETO.World.Editor.WorldEditorSettings.get_ActiveSetting () [0x00027] in <9f470e519088408aa320e86488681071>:0 
  at ZEPETO.World.Editor.ForbiddenTypes.LoadForbiddenTypes () [0x0000a] in <1983d94f05764fe5be5ad68593efa82c>:0 
  at ZEPETO.World.Editor.ForbiddenTypes.Initialize () [0x00011] in <1983d94f05764fe5be5ad68593efa82c>:0 

NullReferenceException: Object reference not set to an instance of an object
  at ZEPETO.World.Editor.WorldPackageEditorUtils.GetDeserializedWorldPackageInfo () [0x00014] in <1983d94f05764fe5be5ad68593efa82c>:0 
  at ZEPETO.World.Editor.WorldPackageEditorUtils.GetFieldValue[T] (System.String field) [0x00000] in <1983d94f05764fe5be5ad68593efa82c>:0 
  at ZEPETO.World.Editor.WorldPackageEditorUtils.get_ZepetoMinVersion () [0x00000] in <1983d94f05764fe5be5ad68593efa82c>:0 
  at ZEPETO.World.Editor.Editor.WorldEditorInitializer.EditorInitializer () [0x00000] in <1983d94f05764fe5be5ad68593efa82c>:0 

Mono: successfully reloaded assembly
- Completed reload, in  0.652 seconds
Platform modules already initialized, skipping
Refreshing native plugins compatible for Editor in 0.63 ms, found 4 plugins.
Preloading 0 native plugins for Editor in 0.00 ms.
Unloading 1834 Unused Serialized files (Serialized files now loaded: 0)
System memory in use before: 90.8 MB.
System memory in use after: 91.0 MB.

Unloading 67 unused Assets to reduce memory usage. Loaded Objects now: 2426.
Total: 1.482200 ms (FindLiveObjects: 0.124800 ms CreateObjectMapping: 0.031500 ms MarkObjects: 1.295200 ms  DeleteObjects: 0.030000 ms)

========================================================================
Received Prepare
Registering precompiled user dll's ...
Registered in 0.007564 seconds.
Begin MonoManager ReloadAssembly
Native extension for WindowsStandalone target not found
Refreshing native plugins compatible for Editor in 0.62 ms, found 4 plugins.
Preloading 0 native plugins for Editor in 0.00 ms.
System.NullReferenceException: Object reference not set to an instance of an object
  at ZEPETO.World.Editor.WorldEditorSettings.IsZaizai () [0x00016] in <9f470e519088408aa320e86488681071>:0 
  at ZEPETO.World.Editor.WorldEditorSettings.SelectDevelopment () [0x00001] in <9f470e519088408aa320e86488681071>:0 
  at ZEPETO.World.Editor.WorldEditorSettings.get_Development () [0x00011] in <9f470e519088408aa320e86488681071>:0 
  at ZEPETO.World.Editor.WorldEditorSettings.get_BuiltinSettings () [0x00000] in <9f470e519088408aa320e86488681071>:0 
  at ZEPETO.World.Editor.WorldEditorSettings.get_ActiveSetting () [0x00027] in <9f470e519088408aa320e86488681071>:0 
  at ZEPETO.World.Common.APIHostEditor..ctor () [0x00006] in <1a219a6a8cd249cba8ce1420b658e55e>:0 
  at ZEPETO.World.Common.APIHostInitializer..cctor () [0x00000] in <1a219a6a8cd249cba8ce1420b658e55e>:0 
UnityEngine.StackTraceUtility:ExtractStackTrace ()
UnityEngine.DebugLogHandler:LogFormat (UnityEngine.LogType,UnityEngine.Object,string,object[])
UnityEngine.Logger:Log (UnityEngine.LogType,object)
UnityEngine.Debug:LogError (object)
UnityEditor.EditorAssemblies:ProcessInitializeOnLoadAttributes (System.Type[])

NullReferenceException: Object reference not set to an instance of an object
  at ZEPETO.World.Editor.WorldEditorSettings.IsZaizai () [0x00016] in <9f470e519088408aa320e86488681071>:0 
  at ZEPETO.World.Editor.WorldEditorSettings.SelectDevelopment () [0x00001] in <9f470e519088408aa320e86488681071>:0 
  at ZEPETO.World.Editor.WorldEditorSettings.get_Development () [0x00011] in <9f470e519088408aa320e86488681071>:0 
  at ZEPETO.World.Editor.WorldEditorSettings.get_BuiltinSettings () [0x00000] in <9f470e519088408aa320e86488681071>:0 
  at ZEPETO.World.Editor.WorldEditorSettings.get_ActiveSetting () [0x00027] in <9f470e519088408aa320e86488681071>:0 
  at ZEPETO.World.Editor.WorldEnvironmentInitializer.MultiplaySettingInitialize () [0x00000] in <1983d94f05764fe5be5ad68593efa82c>:0 
  at ZEPETO.World.Editor.WorldEnvironmentInitializer.InitializeOnLoadMethod () [0x00000] in <1983d94f05764fe5be5ad68593efa82c>:0 

NullReferenceException: Object reference not set to an instance of an object
  at ZEPETO.World.Editor.WorldEditorSettings.IsZaizai () [0x00016] in <9f470e519088408aa320e86488681071>:0 
  at ZEPETO.World.Editor.WorldEditorSettings.SelectDevelopment () [0x00001] in <9f470e519088408aa320e86488681071>:0 
  at ZEPETO.World.Editor.WorldEditorSettings.get_Development () [0x00011] in <9f470e519088408aa320e86488681071>:0 
  at ZEPETO.World.Editor.WorldEditorSettings.get_BuiltinSettings () [0x00000] in <9f470e519088408aa320e86488681071>:0 
  at ZEPETO.World.Editor.WorldEditorSettings.get_ActiveSetting () [0x00027] in <9f470e519088408aa320e86488681071>:0 
  at ZEPETO.World.Editor.ForbiddenTypes.LoadForbiddenTypes () [0x0000a] in <1983d94f05764fe5be5ad68593efa82c>:0 
  at ZEPETO.World.Editor.ForbiddenTypes.Initialize () [0x00011] in <1983d94f05764fe5be5ad68593efa82c>:0 

NullReferenceException: Object reference not set to an instance of an object
  at ZEPETO.World.Editor.WorldPackageEditorUtils.GetDeserializedWorldPackageInfo () [0x00014] in <1983d94f05764fe5be5ad68593efa82c>:0 
  at ZEPETO.World.Editor.WorldPackageEditorUtils.GetFieldValue[T] (System.String field) [0x00000] in <1983d94f05764fe5be5ad68593efa82c>:0 
  at ZEPETO.World.Editor.WorldPackageEditorUtils.get_ZepetoMinVersion () [0x00000] in <1983d94f05764fe5be5ad68593efa82c>:0 
  at ZEPETO.World.Editor.Editor.WorldEditorInitializer.EditorInitializer () [0x00000] in <1983d94f05764fe5be5ad68593efa82c>:0 

Mono: successfully reloaded assembly
- Completed reload, in  0.658 seconds
Platform modules already initialized, skipping
Refreshing native plugins compatible for Editor in 0.62 ms, found 4 plugins.
Preloading 0 native plugins for Editor in 0.00 ms.
Unloading 1834 Unused Serialized files (Serialized files now loaded: 0)
System memory in use before: 90.9 MB.
System memory in use after: 91.0 MB.

Unloading 67 unused Assets to reduce memory usage. Loaded Objects now: 2429.
Total: 1.509400 ms (FindLiveObjects: 0.120100 ms CreateObjectMapping: 0.030800 ms MarkObjects: 1.328200 ms  DeleteObjects: 0.029700 ms)

========================================================================
Received Import Request.
  Time since last request: 235.470377 seconds.
  path: Assets/SampleScene.unity
  artifactKey: Guid(4950a937a613549baa198138952cae55) Importer(815301076,1909f56bfc062723c751e8b465ee728b)
Start importing Assets/SampleScene.unity using Guid(4950a937a613549baa198138952cae55) Importer(815301076,1909f56bfc062723c751e8b465ee728b)  -> (artifact id: '19ab4ebce491d87e011d172a092632df') in 0.014729 seconds
  Import took 0.017435 seconds .

AssetImportWorkerClient::OnTransportError - code=2 error=End of file
